<?xml version="1.0" encoding="UTF-8"?>
<!-- Generated by org.testng.reporters.JUnitReportReporter -->
<testsuite hostname="LAPTOP-DEBU3NBI" failures="0" tests="1" name="testScenario.NormalSaleUncutandPrecia.NormalSaleUncutandPrecia_Test" time="321.772" errors="0" timestamp="2025-07-07T12:45:04 IST" skipped="0">
  <testcase classname="testScenario.NormalSaleUncutandPrecia.NormalSaleUncutandPrecia_Test" name="TC32_NormalSaleUncutandPreciaTest" time="321.772"/>
</testsuite> <!-- testScenario.NormalSaleUncutandPrecia.NormalSaleUncutandPrecia_Test -->
